<?xml version="1.0" encoding="UTF-8"?>
<!-- Generated by org.testng.reporters.JUnitXMLReporter -->
<testsuite hostname="INUH102529" ignored="0" name="Free CRM App Test Cases" tests="7" failures="0" timestamp="14 May 2020 06:52:56 GMT" time="211.108" errors="0">
  <testcase name="loginPageTitleTest" time="0.039" classname="com.crm.qa.testcases.LoginPageTest"/>
  <testcase name="verifyContactsPageLabel" time="0.126" classname="com.crm.qa.testcases.ContactsPageTest"/>
  <testcase name="crmLogoImageTest" time="0.18" classname="com.crm.qa.testcases.LoginPageTest"/>
  <testcase name="validateCreateNewContact" time="2.949" classname="com.crm.qa.testcases.ContactsPageTest"/>
  <testcase name="validateCreateNewContact" time="2.958" classname="com.crm.qa.testcases.ContactsPageTest"/>
  <testcase name="validateCreateNewContact" time="3.069" classname="com.crm.qa.testcases.ContactsPageTest"/>
  <testcase name="loginTest" time="11.779" classname="com.crm.qa.testcases.LoginPageTest"/>
</testsuite> <!-- Free CRM App Test Cases -->
