<?xml version="1.0" encoding="UTF-8"?>
<!-- Generated by org.testng.reporters.JUnitXMLReporter -->
<testsuite hostname="INUH102529" ignored="0" name="Default test" tests="3" failures="0" timestamp="14 May 2020 06:47:21 GMT" time="51.329" errors="0">
  <testcase name="loginPageTitleTest" time="0.033" classname="com.crm.qa.testcases.LoginPageTest"/>
  <testcase name="crmLogoImageTest" time="0.174" classname="com.crm.qa.testcases.LoginPageTest"/>
  <testcase name="loginTest" time="19.63" classname="com.crm.qa.testcases.LoginPageTest"/>
</testsuite> <!-- Default test -->
