<?xml version="1.0" encoding="UTF-8"?>
<!-- Generated by org.testng.reporters.JUnitXMLReporter -->
<testsuite hostname="INUH102529" ignored="0" name="Command line test" tests="7" failures="0" timestamp="14 May 2020 07:12:14 GMT" time="215.579" errors="0">
  <testcase name="verifyContactsPageLabel" time="0.293" classname="com.crm.qa.testcases.ContactsPageTest"/>
  <testcase name="loginPageTitleTest" time="0.035" classname="com.crm.qa.testcases.LoginPageTest"/>
  <testcase name="validateCreateNewContact" time="4.778" classname="com.crm.qa.testcases.ContactsPageTest"/>
  <testcase name="validateCreateNewContact" time="5.124" classname="com.crm.qa.testcases.ContactsPageTest"/>
  <testcase name="validateCreateNewContact" time="4.208" classname="com.crm.qa.testcases.ContactsPageTest"/>
  <testcase name="crmLogoImageTest" time="0.247" classname="com.crm.qa.testcases.LoginPageTest"/>
  <testcase name="loginTest" time="15.16" classname="com.crm.qa.testcases.LoginPageTest"/>
</testsuite> <!-- Command line test -->
