<?xml version="1.0" encoding="UTF-8"?>
<testng-results skipped="0" failed="0" ignored="0" total="7" passed="7">
  <reporter-output>
  </reporter-output>
  <suite name="FREE CRM Application Test Automation Test Suite" duration-ms="211108" started-at="2020-05-14T06:49:25Z" finished-at="2020-05-14T06:52:56Z">
    <groups>
    </groups>
    <test name="Free CRM App Test Cases" duration-ms="211108" started-at="2020-05-14T06:49:25Z" finished-at="2020-05-14T06:52:56Z">
      <class name="com.crm.qa.testcases.ContactsPageTest">
        <test-method status="PASS" signature="setUp()[pri:0, instance:com.crm.qa.testcases.ContactsPageTest@598067a5]" name="setUp" is-config="true" duration-ms="36793" started-at="2020-05-14T06:49:35Z" finished-at="2020-05-14T06:50:11Z">
          <reporter-output>
          </reporter-output>
        </test-method> <!-- setUp -->
        <test-method status="PASS" signature="verifyContactsPageLabel()[pri:1, instance:com.crm.qa.testcases.ContactsPageTest@598067a5]" name="verifyContactsPageLabel" duration-ms="126" started-at="2020-05-14T06:50:11Z" finished-at="2020-05-14T06:50:11Z">
          <reporter-output>
          </reporter-output>
        </test-method> <!-- verifyContactsPageLabel -->
        <test-method status="PASS" signature="tearDown()[pri:0, instance:com.crm.qa.testcases.ContactsPageTest@598067a5]" name="tearDown" is-config="true" duration-ms="734" started-at="2020-05-14T06:50:11Z" finished-at="2020-05-14T06:50:12Z">
          <reporter-output>
          </reporter-output>
        </test-method> <!-- tearDown -->
        <test-method status="PASS" signature="setUp()[pri:0, instance:com.crm.qa.testcases.ContactsPageTest@598067a5]" name="setUp" is-config="true" duration-ms="42041" started-at="2020-05-14T06:50:25Z" finished-at="2020-05-14T06:51:07Z">
          <reporter-output>
          </reporter-output>
        </test-method> <!-- setUp -->
        <test-method status="PASS" signature="validateCreateNewContact(java.lang.String, java.lang.String, java.lang.String)[pri:2, instance:com.crm.qa.testcases.ContactsPageTest@598067a5]" name="validateCreateNewContact" duration-ms="2949" started-at="2020-05-14T06:51:07Z" data-provider="getCRMTestData" finished-at="2020-05-14T06:51:10Z">
          <params>
            <param index="0">
              <value>
                <![CDATA[Tom]]>
              </value>
            </param>
            <param index="1">
              <value>
                <![CDATA[Peter]]>
              </value>
            </param>
            <param index="2">
              <value>
                <![CDATA[Google]]>
              </value>
            </param>
          </params>
          <reporter-output>
          </reporter-output>
        </test-method> <!-- validateCreateNewContact -->
        <test-method status="PASS" signature="tearDown()[pri:0, instance:com.crm.qa.testcases.ContactsPageTest@598067a5]" name="tearDown" is-config="true" duration-ms="748" started-at="2020-05-14T06:51:10Z" finished-at="2020-05-14T06:51:10Z">
          <reporter-output>
          </reporter-output>
        </test-method> <!-- tearDown -->
        <test-method status="PASS" signature="setUp()[pri:0, instance:com.crm.qa.testcases.ContactsPageTest@598067a5]" name="setUp" is-config="true" duration-ms="41817" started-at="2020-05-14T06:51:10Z" finished-at="2020-05-14T06:51:52Z">
          <reporter-output>
          </reporter-output>
        </test-method> <!-- setUp -->
        <test-method status="PASS" signature="validateCreateNewContact(java.lang.String, java.lang.String, java.lang.String)[pri:2, instance:com.crm.qa.testcases.ContactsPageTest@598067a5]" name="validateCreateNewContact" duration-ms="2958" started-at="2020-05-14T06:51:52Z" data-provider="getCRMTestData" finished-at="2020-05-14T06:51:55Z">
          <params>
            <param index="0">
              <value>
                <![CDATA[David]]>
              </value>
            </param>
            <param index="1">
              <value>
                <![CDATA[Cris]]>
              </value>
            </param>
            <param index="2">
              <value>
                <![CDATA[Amazon]]>
              </value>
            </param>
          </params>
          <reporter-output>
          </reporter-output>
        </test-method> <!-- validateCreateNewContact -->
        <test-method status="PASS" signature="tearDown()[pri:0, instance:com.crm.qa.testcases.ContactsPageTest@598067a5]" name="tearDown" is-config="true" duration-ms="749" started-at="2020-05-14T06:51:55Z" finished-at="2020-05-14T06:51:56Z">
          <reporter-output>
          </reporter-output>
        </test-method> <!-- tearDown -->
        <test-method status="PASS" signature="setUp()[pri:0, instance:com.crm.qa.testcases.ContactsPageTest@598067a5]" name="setUp" is-config="true" duration-ms="36797" started-at="2020-05-14T06:51:56Z" finished-at="2020-05-14T06:52:33Z">
          <reporter-output>
          </reporter-output>
        </test-method> <!-- setUp -->
        <test-method status="PASS" signature="validateCreateNewContact(java.lang.String, java.lang.String, java.lang.String)[pri:2, instance:com.crm.qa.testcases.ContactsPageTest@598067a5]" name="validateCreateNewContact" duration-ms="3069" started-at="2020-05-14T06:52:33Z" data-provider="getCRMTestData" finished-at="2020-05-14T06:52:36Z">
          <params>
            <param index="0">
              <value>
                <![CDATA[Mukta]]>
              </value>
            </param>
            <param index="1">
              <value>
                <![CDATA[Sharma]]>
              </value>
            </param>
            <param index="2">
              <value>
                <![CDATA[Ebay]]>
              </value>
            </param>
          </params>
          <reporter-output>
          </reporter-output>
        </test-method> <!-- validateCreateNewContact -->
        <test-method status="PASS" signature="tearDown()[pri:0, instance:com.crm.qa.testcases.ContactsPageTest@598067a5]" name="tearDown" is-config="true" duration-ms="809" started-at="2020-05-14T06:52:36Z" finished-at="2020-05-14T06:52:37Z">
          <reporter-output>
          </reporter-output>
        </test-method> <!-- tearDown -->
      </class> <!-- com.crm.qa.testcases.ContactsPageTest -->
      <class name="com.crm.qa.testcases.LoginPageTest">
        <test-method status="PASS" signature="setUp()[pri:0, instance:com.crm.qa.testcases.LoginPageTest@31ef45e3]" name="setUp" is-config="true" duration-ms="8375" started-at="2020-05-14T06:49:25Z" finished-at="2020-05-14T06:49:34Z">
          <reporter-output>
          </reporter-output>
        </test-method> <!-- setUp -->
        <test-method status="PASS" signature="loginPageTitleTest()[pri:1, instance:com.crm.qa.testcases.LoginPageTest@31ef45e3]" name="loginPageTitleTest" duration-ms="39" started-at="2020-05-14T06:49:34Z" finished-at="2020-05-14T06:49:34Z">
          <reporter-output>
          </reporter-output>
        </test-method> <!-- loginPageTitleTest -->
        <test-method status="PASS" signature="tearDown()[pri:0, instance:com.crm.qa.testcases.LoginPageTest@31ef45e3]" name="tearDown" is-config="true" duration-ms="759" started-at="2020-05-14T06:49:34Z" finished-at="2020-05-14T06:49:35Z">
          <reporter-output>
          </reporter-output>
        </test-method> <!-- tearDown -->
        <test-method status="PASS" signature="setUp()[pri:0, instance:com.crm.qa.testcases.LoginPageTest@31ef45e3]" name="setUp" is-config="true" duration-ms="10735" started-at="2020-05-14T06:50:12Z" finished-at="2020-05-14T06:50:23Z">
          <reporter-output>
          </reporter-output>
        </test-method> <!-- setUp -->
        <test-method status="PASS" signature="crmLogoImageTest()[pri:2, instance:com.crm.qa.testcases.LoginPageTest@31ef45e3]" name="crmLogoImageTest" duration-ms="180" started-at="2020-05-14T06:50:23Z" finished-at="2020-05-14T06:50:23Z">
          <reporter-output>
          </reporter-output>
        </test-method> <!-- crmLogoImageTest -->
        <test-method status="PASS" signature="tearDown()[pri:0, instance:com.crm.qa.testcases.LoginPageTest@31ef45e3]" name="tearDown" is-config="true" duration-ms="719" started-at="2020-05-14T06:50:23Z" finished-at="2020-05-14T06:50:24Z">
          <reporter-output>
          </reporter-output>
        </test-method> <!-- tearDown -->
        <test-method status="PASS" signature="setUp()[pri:0, instance:com.crm.qa.testcases.LoginPageTest@31ef45e3]" name="setUp" is-config="true" duration-ms="7416" started-at="2020-05-14T06:52:37Z" finished-at="2020-05-14T06:52:44Z">
          <reporter-output>
          </reporter-output>
        </test-method> <!-- setUp -->
        <test-method status="PASS" signature="loginTest()[pri:3, instance:com.crm.qa.testcases.LoginPageTest@31ef45e3]" name="loginTest" duration-ms="11779" started-at="2020-05-14T06:52:44Z" finished-at="2020-05-14T06:52:56Z">
          <reporter-output>
          </reporter-output>
        </test-method> <!-- loginTest -->
        <test-method status="PASS" signature="tearDown()[pri:0, instance:com.crm.qa.testcases.LoginPageTest@31ef45e3]" name="tearDown" is-config="true" duration-ms="749" started-at="2020-05-14T06:52:56Z" finished-at="2020-05-14T06:52:56Z">
          <reporter-output>
          </reporter-output>
        </test-method> <!-- tearDown -->
      </class> <!-- com.crm.qa.testcases.LoginPageTest -->
    </test> <!-- Free CRM App Test Cases -->
  </suite> <!-- FREE CRM Application Test Automation Test Suite -->
</testng-results>
